Using pre-set license
Built from '2022.3/staging' branch; Version is '2022.3.7f1 (b16b3b16c7a0) revision 11627323'; Using compiler version '192829333'; Build Type 'Release'
OS: 'Windows 10  (10.0.19045) 64bit Education' Language: 'en' Physical Memory: 65277 MB
BatchMode: 1, IsHumanControllingUs: 0, StartBugReporterOnCrash: 0, Is64bit: 1, IsPro: 1

COMMAND LINE ARGUMENTS:
C:\Program Files\Unity\Hub\Editor\2022.3.7f1\Editor\Unity.exe
-adb2
-batchMode
-noUpm
-name
AssetImportWorker3
-projectPath
L:/yr 3/GameJams/ConquestOfPlanets/CoPproj
-logFile
Logs/AssetImportWorker3.log
-srvPort
54478
Successfully changed project path to: L:/yr 3/GameJams/ConquestOfPlanets/CoPproj
L:/yr 3/GameJams/ConquestOfPlanets/CoPproj
[UnityMemory] Configuration Parameters - Can be set up in boot.config
    "memorysetup-bucket-allocator-granularity=16"
    "memorysetup-bucket-allocator-bucket-count=8"
    "memorysetup-bucket-allocator-block-size=33554432"
    "memorysetup-bucket-allocator-block-count=8"
    "memorysetup-main-allocator-block-size=16777216"
    "memorysetup-thread-allocator-block-size=16777216"
    "memorysetup-gfx-main-allocator-block-size=16777216"
    "memorysetup-gfx-thread-allocator-block-size=16777216"
    "memorysetup-cache-allocator-block-size=4194304"
    "memorysetup-typetree-allocator-block-size=2097152"
    "memorysetup-profiler-bucket-allocator-granularity=16"
    "memorysetup-profiler-bucket-allocator-bucket-count=8"
    "memorysetup-profiler-bucket-allocator-block-size=33554432"
    "memorysetup-profiler-bucket-allocator-block-count=8"
    "memorysetup-profiler-allocator-block-size=16777216"
    "memorysetup-profiler-editor-allocator-block-size=1048576"
    "memorysetup-temp-allocator-size-main=16777216"
    "memorysetup-job-temp-allocator-block-size=2097152"
    "memorysetup-job-temp-allocator-block-size-background=1048576"
    "memorysetup-job-temp-allocator-reduction-small-platforms=262144"
    "memorysetup-allocator-temp-initial-block-size-main=262144"
    "memorysetup-allocator-temp-initial-block-size-worker=262144"
    "memorysetup-temp-allocator-size-background-worker=32768"
    "memorysetup-temp-allocator-size-job-worker=262144"
    "memorysetup-temp-allocator-size-preload-manager=33554432"
    "memorysetup-temp-allocator-size-nav-mesh-worker=65536"
    "memorysetup-temp-allocator-size-audio-worker=65536"
    "memorysetup-temp-allocator-size-cloud-worker=32768"
    "memorysetup-temp-allocator-size-gi-baking-worker=262144"
    "memorysetup-temp-allocator-size-gfx=262144"
Player connection [38256] Host "[IP] 172.16.170.178 [Port] 0 [Flags] 2 [Guid] 3922904110 [EditorId] 3922904110 [Version] 1048832 [Id] WindowsEditor(7,GM-KW102-10) [Debug] 1 [PackageName] WindowsEditor [ProjectName] Editor" joined multi-casting on [225.0.0.222:54997]...

Player connection [38256] Host "[IP] 172.16.170.178 [Port] 0 [Flags] 2 [Guid] 3922904110 [EditorId] 3922904110 [Version] 1048832 [Id] WindowsEditor(7,GM-KW102-10) [Debug] 1 [PackageName] WindowsEditor [ProjectName] Editor" joined alternative multi-casting on [225.0.0.222:34997]...

Refreshing native plugins compatible for Editor in 10.14 ms, found 3 plugins.
Preloading 0 native plugins for Editor in 0.00 ms.
Initialize engine version: 2022.3.7f1 (b16b3b16c7a0)
[Subsystems] Discovering subsystems at path C:/Program Files/Unity/Hub/Editor/2022.3.7f1/Editor/Data/Resources/UnitySubsystems
[Subsystems] Discovering subsystems at path L:/yr 3/GameJams/ConquestOfPlanets/CoPproj/Assets
GfxDevice: creating device client; threaded=0; jobified=0
Direct3D:
    Version:  Direct3D 11.0 [level 11.1]
    Renderer: NVIDIA GeForce RTX 4090 (ID=0x2684)
    Vendor:   NVIDIA
    VRAM:     24156 MB
    Driver:   31.0.15.3667
Initialize mono
Mono path[0] = 'C:/Program Files/Unity/Hub/Editor/2022.3.7f1/Editor/Data/Managed'
Mono path[1] = 'C:/Program Files/Unity/Hub/Editor/2022.3.7f1/Editor/Data/MonoBleedingEdge/lib/mono/unityjit-win32'
Mono config path = 'C:/Program Files/Unity/Hub/Editor/2022.3.7f1/Editor/Data/MonoBleedingEdge/etc'
Using monoOptions --debugger-agent=transport=dt_socket,embedding=1,server=y,suspend=n,address=127.0.0.1:56840
Begin MonoManager ReloadAssembly
Registering precompiled unity dll's ...
Register platform support module: C:/Program Files/Unity/Hub/Editor/2022.3.7f1/Editor/Data/PlaybackEngines/WebGLSupport/UnityEditor.WebGL.Extensions.dll
Register platform support module: C:/Program Files/Unity/Hub/Editor/2022.3.7f1/Editor/Data/PlaybackEngines/MacStandaloneSupport/UnityEditor.OSXStandalone.Extensions.dll
Register platform support module: C:/Program Files/Unity/Hub/Editor/2022.3.7f1/Editor/Data/PlaybackEngines/AndroidPlayer/UnityEditor.Android.Extensions.dll
Register platform support module: C:/Program Files/Unity/Hub/Editor/2022.3.7f1/Editor/Data/PlaybackEngines/iOSSupport/UnityEditor.iOS.Extensions.dll
Register platform support module: C:/Program Files/Unity/Hub/Editor/2022.3.7f1/Editor/Data/PlaybackEngines/AppleTVSupport/UnityEditor.AppleTV.Extensions.dll
Register platform support module: C:/Program Files/Unity/Hub/Editor/2022.3.7f1/Editor/Data/PlaybackEngines/WindowsStandaloneSupport/UnityEditor.WindowsStandalone.Extensions.dll
Register platform support module: C:/Program Files/Unity/Hub/Editor/2022.3.7f1/Editor/Data/PlaybackEngines/LinuxStandaloneSupport/UnityEditor.LinuxStandalone.Extensions.dll
Register platform support module: C:/Program Files/Unity/Hub/Editor/2022.3.7f1/Editor/Data/PlaybackEngines/MetroSupport/UnityEditor.UWP.Extensions.dll
Registered in 0.033498 seconds.
- Loaded All Assemblies, in  0.440 seconds
Native extension for UWP target not found
Native extension for LinuxStandalone target not found
Native extension for WindowsStandalone target not found
[usbmuxd] Start listen thread
[usbmuxd] Listen thread started
Native extension for AppleTV target not found
[usbmuxd] Start listen thread
[usbmuxd] Listen thread started
Native extension for iOS target not found
Native extension for Android target not found
Native extension for OSXStandalone target not found
Native extension for WebGL target not found
Mono: successfully reloaded assembly
- Finished resetting the current domain, in  0.365 seconds
Domain Reload Profiling: 802ms
	BeginReloadAssembly (140ms)
		ExecutionOrderSort (0ms)
		DisableScriptedObjects (0ms)
		BackupInstance (0ms)
		ReleaseScriptingObjects (0ms)
		CreateAndSetChildDomain (1ms)
	RebuildCommonClasses (33ms)
	RebuildNativeTypeToScriptingClass (11ms)
	initialDomainReloadingComplete (89ms)
	LoadAllAssembliesAndSetupDomain (163ms)
		LoadAssemblies (142ms)
		RebuildTransferFunctionScriptingTraits (0ms)
		AnalyzeDomain (157ms)
			TypeCache.Refresh (155ms)
				TypeCache.ScanAssembly (141ms)
			ScanForSourceGeneratedMonoScriptInfo (0ms)
			ResolveRequiredComponents (0ms)
	FinalizeReload (365ms)
		ReleaseScriptCaches (0ms)
		RebuildScriptCaches (0ms)
		SetupLoadedEditorAssemblies (307ms)
			LogAssemblyErrors (0ms)
			InitializePlatformSupportModulesInManaged (148ms)
			SetLoadedEditorAssemblies (4ms)
			RefreshPlugins (0ms)
			BeforeProcessingInitializeOnLoad (2ms)
			ProcessInitializeOnLoadAttributes (99ms)
			ProcessInitializeOnLoadMethodAttributes (54ms)
			AfterProcessingInitializeOnLoad (0ms)
			EditorAssembliesLoaded (0ms)
		ExecutionOrderSort2 (0ms)
		AwakeInstancesAfterBackupRestoration (0ms)
========================================================================
Worker process is ready to serve import requests
Begin MonoManager ReloadAssembly
Symbol file LoadedFromMemory doesn't match image L:\yr 3\GameJams\ConquestOfPlanets\CoPproj\Library\PackageCache\com.unity.visualscripting@1.8.0\Editor\VisualScripting.Core\Dependencies\YamlDotNet\Unity.VisualScripting.YamlDotNet.dll
Symbol file LoadedFromMemory doesn't match image L:\yr 3\GameJams\ConquestOfPlanets\CoPproj\Library\PackageCache\com.unity.visualscripting@1.8.0\Editor\VisualScripting.Core\Dependencies\DotNetZip\Unity.VisualScripting.IonicZip.dll
- Loaded All Assemblies, in  0.891 seconds
Refreshing native plugins compatible for Editor in 7.45 ms, found 3 plugins.
Native extension for UWP target not found
Native extension for LinuxStandalone target not found
Native extension for WindowsStandalone target not found
Native extension for AppleTV target not found
Native extension for iOS target not found
Native extension for Android target not found
Native extension for OSXStandalone target not found
Native extension for WebGL target not found
Mono: successfully reloaded assembly
- Finished resetting the current domain, in  0.638 seconds
Domain Reload Profiling: 1523ms
	BeginReloadAssembly (173ms)
		ExecutionOrderSort (0ms)
		DisableScriptedObjects (6ms)
		BackupInstance (0ms)
		ReleaseScriptingObjects (0ms)
		CreateAndSetChildDomain (21ms)
	RebuildCommonClasses (34ms)
	RebuildNativeTypeToScriptingClass (11ms)
	initialDomainReloadingComplete (48ms)
	LoadAllAssembliesAndSetupDomain (618ms)
		LoadAssemblies (547ms)
		RebuildTransferFunctionScriptingTraits (0ms)
		AnalyzeDomain (181ms)
			TypeCache.Refresh (159ms)
				TypeCache.ScanAssembly (142ms)
			ScanForSourceGeneratedMonoScriptInfo (15ms)
			ResolveRequiredComponents (4ms)
	FinalizeReload (639ms)
		ReleaseScriptCaches (0ms)
		RebuildScriptCaches (0ms)
		SetupLoadedEditorAssemblies (459ms)
			LogAssemblyErrors (0ms)
			InitializePlatformSupportModulesInManaged (61ms)
			SetLoadedEditorAssemblies (4ms)
			RefreshPlugins (0ms)
			BeforeProcessingInitializeOnLoad (106ms)
			ProcessInitializeOnLoadAttributes (258ms)
			ProcessInitializeOnLoadMethodAttributes (20ms)
			AfterProcessingInitializeOnLoad (11ms)
			EditorAssembliesLoaded (0ms)
		ExecutionOrderSort2 (0ms)
		AwakeInstancesAfterBackupRestoration (12ms)
Launched and connected shader compiler UnityShaderCompiler.exe after 0.08 seconds
Refreshing native plugins compatible for Editor in 5.11 ms, found 3 plugins.
Preloading 0 native plugins for Editor in 0.00 ms.
Unloading 3134 Unused Serialized files (Serialized files now loaded: 0)
Unloading 31 unused Assets / (56.4 KB). Loaded Objects now: 3599.
Memory consumption went from 125.6 MB to 125.5 MB.
Total: 3.455300 ms (FindLiveObjects: 0.407800 ms CreateObjectMapping: 0.136400 ms MarkObjects: 2.795600 ms  DeleteObjects: 0.114400 ms)

AssetImportParameters requested are different than current active one (requested -> active):
  custom:container-demuxer-ogg: 62fdf1f143b41e24485cea50d1cbac27 -> 
  custom:video-decoder-ogg-theora: a1e56fd34408186e4bbccfd4996cb3dc -> 
  custom:framework-win-MediaFoundation: 216162199b28c13a410421893ffa2e32 -> 
  custom:CustomObjectIndexerAttribute: 756ad292c208cfabdd7b50bc23989ffe -> 
  custom:container-demuxer-webm: 4f35f7cbe854078d1ac9338744f61a02 -> 
  custom:container-muxer-webm: aa71ff27fc2769a1b78a27578f13a17b -> 
  custom:video-decoder-webm-vp8: 9c59270c3fd7afecdb556c50c9e8de78 -> 
  custom:SearchIndexIgnoredProperties: e643bd26f0fe6173181afceb89e7c659 -> 
  custom:AudioImporter_EditorPlatform: d09bf68614088b80899f8185d706f6e7 -> 
  custom:video-encoder-webm-vp8: eb34c28f22e8b96e1ab97ce403110664 -> 
  custom:audio-decoder-ogg-vorbis: bf7c407c2cedff20999df2af8eb42d56 -> 
  custom:audio-encoder-webm-vorbis: bf7c407c2cedff20999df2af8eb42d56 -> 
========================================================================
Received Import Request.
  Time since last request: 775701.283892 seconds.
  path: Assets/Prefabs/RangeGrunt.prefab
  artifactKey: Guid(6a5130a38fc02e943af387662eefe577) Importer(815301076,1909f56bfc062723c751e8b465ee728b)
Start importing Assets/Prefabs/RangeGrunt.prefab using Guid(6a5130a38fc02e943af387662eefe577) Importer(815301076,1909f56bfc062723c751e8b465ee728b)  -> (artifact id: '9ea9bcaa93421d60978acb3a6a3bf59c') in 0.160304 seconds
Number of updated asset objects reloaded before import = 0
Number of asset objects unloaded after import = 185
========================================================================
Received Import Request.
  Time since last request: 122.057975 seconds.
  path: Assets/Prefabs/RangeGrunt.prefab
  artifactKey: Guid(6a5130a38fc02e943af387662eefe577) Importer(815301076,1909f56bfc062723c751e8b465ee728b)
Start importing Assets/Prefabs/RangeGrunt.prefab using Guid(6a5130a38fc02e943af387662eefe577) Importer(815301076,1909f56bfc062723c751e8b465ee728b)  -> (artifact id: 'e56d878e134e84048c869bf6a804dccb') in 0.029387 seconds
Number of updated asset objects reloaded before import = 0
Number of asset objects unloaded after import = 319
========================================================================
Received Import Request.
  Time since last request: 67.136073 seconds.
  path: Assets/Prefabs/Grunt.prefab
  artifactKey: Guid(cfd041324fc061144b7ea7a7ff124490) Importer(815301076,1909f56bfc062723c751e8b465ee728b)
Start importing Assets/Prefabs/Grunt.prefab using Guid(cfd041324fc061144b7ea7a7ff124490) Importer(815301076,1909f56bfc062723c751e8b465ee728b)  -> (artifact id: '7edade0c84e2f7dc0b6d2436ce1431be') in 0.054508 seconds
Number of updated asset objects reloaded before import = 0
Number of asset objects unloaded after import = 185
========================================================================
Received Import Request.
  Time since last request: 6.173742 seconds.
  path: Assets/Model/DoorLower.fbx
  artifactKey: Guid(90c22fad8d63ddf4e9a8ec4662e4cccc) Importer(815301076,1909f56bfc062723c751e8b465ee728b)
Start importing Assets/Model/DoorLower.fbx using Guid(90c22fad8d63ddf4e9a8ec4662e4cccc) Importer(815301076,1909f56bfc062723c751e8b465ee728b)  -> (artifact id: 'b18fc695d2a3e585ed936c1addb90abe') in 0.120137 seconds
Number of updated asset objects reloaded before import = 0
Number of asset objects unloaded after import = 11
========================================================================
Received Import Request.
  Time since last request: 0.000027 seconds.
  path: Assets/Model/HallMetal_BaseMap.png
  artifactKey: Guid(dbd4d05556b76d7478929a91e62b9a0a) Importer(815301076,1909f56bfc062723c751e8b465ee728b)
Start importing Assets/Model/HallMetal_BaseMap.png using Guid(dbd4d05556b76d7478929a91e62b9a0a) Importer(815301076,1909f56bfc062723c751e8b465ee728b)  -> (artifact id: 'ef061c8f367f570a19b0c9edb8664172') in 0.033773 seconds
Number of updated asset objects reloaded before import = 0
Number of asset objects unloaded after import = 2
========================================================================
Received Import Request.
  Time since last request: 0.000349 seconds.
  path: Assets/Model/HallGrill_Normal.png
  artifactKey: Guid(4a4ee709eff7b8448838fd2109971633) Importer(815301076,1909f56bfc062723c751e8b465ee728b)
Start importing Assets/Model/HallGrill_Normal.png using Guid(4a4ee709eff7b8448838fd2109971633) Importer(815301076,1909f56bfc062723c751e8b465ee728b)  -> (artifact id: '77687459bae0ead4556cd67174ed325b') in 0.027369 seconds
Number of updated asset objects reloaded before import = 0
Number of asset objects unloaded after import = 2
========================================================================
Received Import Request.
  Time since last request: 0.000017 seconds.
  path: Assets/Model/Junction.fbx
  artifactKey: Guid(0889625e142d9c44686f8d7a06c5c493) Importer(815301076,1909f56bfc062723c751e8b465ee728b)
Start importing Assets/Model/Junction.fbx using Guid(0889625e142d9c44686f8d7a06c5c493) Importer(815301076,1909f56bfc062723c751e8b465ee728b)  -> (artifact id: '0b1238d5a5cf88c95ebdb837d2fd63fb') in 0.058418 seconds
Number of updated asset objects reloaded before import = 0
Number of asset objects unloaded after import = 12
========================================================================
Received Import Request.
  Time since last request: 0.000017 seconds.
  path: Assets/Model/ObstacleCorner.fbx
  artifactKey: Guid(dd566219f566af14fb42641225313408) Importer(815301076,1909f56bfc062723c751e8b465ee728b)
Start importing Assets/Model/ObstacleCorner.fbx using Guid(dd566219f566af14fb42641225313408) Importer(815301076,1909f56bfc062723c751e8b465ee728b)  -> (artifact id: '8535a396c20f0da775eee5a6ccc3b0c4') in 0.060337 seconds
Number of updated asset objects reloaded before import = 0
Number of asset objects unloaded after import = 14
========================================================================
Received Import Request.
  Time since last request: 0.000016 seconds.
  path: Assets/Model/RoomFloor.fbx
  artifactKey: Guid(ebc6d017dd693e54783c9f62307c47c6) Importer(815301076,1909f56bfc062723c751e8b465ee728b)
Start importing Assets/Model/RoomFloor.fbx using Guid(ebc6d017dd693e54783c9f62307c47c6) Importer(815301076,1909f56bfc062723c751e8b465ee728b)  -> (artifact id: '5b1e9aa39a0984a1bd0cb6d1b76dc7ac') in 0.062112 seconds
Number of updated asset objects reloaded before import = 0
Number of asset objects unloaded after import = 12
========================================================================
Received Import Request.
  Time since last request: 0.000016 seconds.
  path: Assets/Model/Hallway.fbx
  artifactKey: Guid(445b09e722160324a8f2d32571e0902d) Importer(815301076,1909f56bfc062723c751e8b465ee728b)
Start importing Assets/Model/Hallway.fbx using Guid(445b09e722160324a8f2d32571e0902d) Importer(815301076,1909f56bfc062723c751e8b465ee728b)  -> (artifact id: '0d75e9ef74612b118c1ed2529b2e116c') in 0.065710 seconds
Number of updated asset objects reloaded before import = 0
Number of asset objects unloaded after import = 13
========================================================================
Received Import Request.
  Time since last request: 0.000023 seconds.
  path: Assets/Model/HallLights_BaseMap.png
  artifactKey: Guid(58bc1ce9033c1e74babd65524c4f9fd7) Importer(815301076,1909f56bfc062723c751e8b465ee728b)
Start importing Assets/Model/HallLights_BaseMap.png using Guid(58bc1ce9033c1e74babd65524c4f9fd7) Importer(815301076,1909f56bfc062723c751e8b465ee728b)  -> (artifact id: 'a9c38c3a2a8445ee3cc9ba43a7212854') in 0.023069 seconds
Number of updated asset objects reloaded before import = 0
Number of asset objects unloaded after import = 2
========================================================================
Received Import Request.
  Time since last request: 0.000017 seconds.
  path: Assets/Model/HallMetalDark_Normal.png
  artifactKey: Guid(bf919af75a17d9449ac10fe0bfdfb9a1) Importer(815301076,1909f56bfc062723c751e8b465ee728b)
Start importing Assets/Model/HallMetalDark_Normal.png using Guid(bf919af75a17d9449ac10fe0bfdfb9a1) Importer(815301076,1909f56bfc062723c751e8b465ee728b)  -> (artifact id: 'f59574a18f010524ac101cecffd44602') in 0.026158 seconds
Number of updated asset objects reloaded before import = 0
Number of asset objects unloaded after import = 2
========================================================================
Received Import Request.
  Time since last request: 0.000013 seconds.
  path: Assets/Model/ObstacleDiagonal.fbx
  artifactKey: Guid(5098d8b37fa93e7469c2a3aad7a5bc4f) Importer(815301076,1909f56bfc062723c751e8b465ee728b)
Start importing Assets/Model/ObstacleDiagonal.fbx using Guid(5098d8b37fa93e7469c2a3aad7a5bc4f) Importer(815301076,1909f56bfc062723c751e8b465ee728b)  -> (artifact id: '184ea5d3dbf7cd6443c42ed487da73d9') in 0.055186 seconds
Number of updated asset objects reloaded before import = 0
Number of asset objects unloaded after import = 14
========================================================================
Received Import Request.
  Time since last request: 0.000016 seconds.
  path: Assets/Model/HallEmis_Normal.png
  artifactKey: Guid(4b9af455192353f4b80a9580c7424122) Importer(815301076,1909f56bfc062723c751e8b465ee728b)
Start importing Assets/Model/HallEmis_Normal.png using Guid(4b9af455192353f4b80a9580c7424122) Importer(815301076,1909f56bfc062723c751e8b465ee728b)  -> (artifact id: '90fc800db1e069e85445ba08ec82a446') in 0.025095 seconds
Number of updated asset objects reloaded before import = 0
Number of asset objects unloaded after import = 2
Editor requested this worker to shutdown with reason: Scaling down because of idle timeout
TcpMessagingSession - receive error: operation aborted. errorcode: 995, details: The I/O operation has been aborted because of either a thread exit or an application request.
AssetImportWorker is now disconnected from the server
Process exiting
Exiting without the bug reporter. Application will terminate with return code 0